[0.009s] Invoking command in '/home/mizbot/my_ros_ws/diff_bot_ws/build/my_diff_bot': CMAKE_PREFIX_PATH=${CMAKE_PREFIX_PATH}:/opt/ros/humble /usr/bin/cmake /home/mizbot/my_ros_ws/diff_bot_ws/src/my_diff_bot -DAMENT_CMAKE_SYMLINK_INSTALL=1 -DCMAKE_INSTALL_PREFIX=/home/mizbot/my_ros_ws/diff_bot_ws/install/my_diff_bot
[0.056s] -- The C compiler identification is GNU 11.4.0
[0.105s] -- The CXX compiler identification is GNU 11.4.0
[0.113s] -- Detecting C compiler ABI info
[0.173s] -- Detecting C compiler ABI info - done
[0.181s] -- Check for working C compiler: /usr/bin/cc - skipped
[0.181s] -- Detecting C compile features
[0.181s] -- Detecting C compile features - done
[0.184s] -- Detecting CXX compiler ABI info
[0.254s] -- Detecting CXX compiler ABI info - done
[0.262s] -- Check for working CXX compiler: /usr/bin/c++ - skipped
[0.262s] -- Detecting CXX compile features
[0.263s] -- Detecting CXX compile features - done
[0.264s] -- Found ament_cmake: 1.3.11 (/opt/ros/humble/share/ament_cmake/cmake)
[0.412s] -- Found Python3: /usr/bin/python3 (found version "3.10.12") found components: Interpreter 
[0.472s] -- Override CMake install command with custom implementation using symlinks instead of copying resources
[0.493s] -- Found ament_lint_auto: 0.12.11 (/opt/ros/humble/share/ament_lint_auto/cmake)
[0.566s] -- Added test 'flake8' to check Python code syntax and style conventions
[0.566s] -- Added test 'lint_cmake' to check CMake code style
[0.567s] -- Added test 'pep257' to check Python code against some of the docstring style conventions in PEP 257
[0.568s] -- Added test 'xmllint' to check XML markup files
[0.569s] -- Configuring done
[0.571s] -- Generating done
[0.573s] -- Build files have been written to: /home/mizbot/my_ros_ws/diff_bot_ws/build/my_diff_bot
[0.577s] Invoked command in '/home/mizbot/my_ros_ws/diff_bot_ws/build/my_diff_bot' returned '0': CMAKE_PREFIX_PATH=${CMAKE_PREFIX_PATH}:/opt/ros/humble /usr/bin/cmake /home/mizbot/my_ros_ws/diff_bot_ws/src/my_diff_bot -DAMENT_CMAKE_SYMLINK_INSTALL=1 -DCMAKE_INSTALL_PREFIX=/home/mizbot/my_ros_ws/diff_bot_ws/install/my_diff_bot
[0.578s] Invoking command in '/home/mizbot/my_ros_ws/diff_bot_ws/build/my_diff_bot': CMAKE_PREFIX_PATH=${CMAKE_PREFIX_PATH}:/opt/ros/humble /usr/bin/cmake --build /home/mizbot/my_ros_ws/diff_bot_ws/build/my_diff_bot -- -j12 -l12
[0.610s] Invoked command in '/home/mizbot/my_ros_ws/diff_bot_ws/build/my_diff_bot' returned '0': CMAKE_PREFIX_PATH=${CMAKE_PREFIX_PATH}:/opt/ros/humble /usr/bin/cmake --build /home/mizbot/my_ros_ws/diff_bot_ws/build/my_diff_bot -- -j12 -l12
[0.619s] Invoking command in '/home/mizbot/my_ros_ws/diff_bot_ws/build/my_diff_bot': CMAKE_PREFIX_PATH=${CMAKE_PREFIX_PATH}:/opt/ros/humble /usr/bin/cmake --install /home/mizbot/my_ros_ws/diff_bot_ws/build/my_diff_bot
[0.625s] -- Install configuration: ""
[0.626s] -- Execute custom install script
[0.626s] -- Symlinking: /home/mizbot/my_ros_ws/diff_bot_ws/install/my_diff_bot/share/my_diff_bot/config/empty.yaml
[0.635s] -- Symlinking: /home/mizbot/my_ros_ws/diff_bot_ws/install/my_diff_bot/share/my_diff_bot/config/gaz_ros2_ctl_use_sim.yaml
[0.642s] -- Symlinking: /home/mizbot/my_ros_ws/diff_bot_ws/install/my_diff_bot/share/my_diff_bot/config/gz_bridge.yaml
[0.650s] -- Symlinking: /home/mizbot/my_ros_ws/diff_bot_ws/install/my_diff_bot/share/my_diff_bot/config/joystick.yaml
[0.658s] -- Symlinking: /home/mizbot/my_ros_ws/diff_bot_ws/install/my_diff_bot/share/my_diff_bot/config/my_controllers.yaml
[0.664s] -- Symlinking: /home/mizbot/my_ros_ws/diff_bot_ws/install/my_diff_bot/share/my_diff_bot/config/view_bot.rviz
[0.673s] -- Symlinking: /home/mizbot/my_ros_ws/diff_bot_ws/install/my_diff_bot/share/my_diff_bot/description/gazebo_control.xacro
[0.680s] -- Symlinking: /home/mizbot/my_ros_ws/diff_bot_ws/install/my_diff_bot/share/my_diff_bot/description/inertial_macros.xacro
[0.688s] -- Symlinking: /home/mizbot/my_ros_ws/diff_bot_ws/install/my_diff_bot/share/my_diff_bot/description/measurements.xacro
[0.695s] -- Symlinking: /home/mizbot/my_ros_ws/diff_bot_ws/install/my_diff_bot/share/my_diff_bot/description/robot.urdf.xacro
[0.702s] -- Symlinking: /home/mizbot/my_ros_ws/diff_bot_ws/install/my_diff_bot/share/my_diff_bot/description/robot_core.xacro
[0.713s] -- Symlinking: /home/mizbot/my_ros_ws/diff_bot_ws/install/my_diff_bot/share/my_diff_bot/description/ros2_control.xacro
[0.722s] -- Symlinking: /home/mizbot/my_ros_ws/diff_bot_ws/install/my_diff_bot/share/my_diff_bot/launch/joystick.launch.py
[0.731s] -- Symlinking: /home/mizbot/my_ros_ws/diff_bot_ws/install/my_diff_bot/share/my_diff_bot/launch/launch_sim.launch.py
[0.741s] -- Symlinking: /home/mizbot/my_ros_ws/diff_bot_ws/install/my_diff_bot/share/my_diff_bot/launch/rsp.launch.py
[0.749s] -- Symlinking: /home/mizbot/my_ros_ws/diff_bot_ws/install/my_diff_bot/share/my_diff_bot/worlds/empty.world
[0.756s] -- Symlinking: /home/mizbot/my_ros_ws/diff_bot_ws/install/my_diff_bot/share/ament_index/resource_index/package_run_dependencies/my_diff_bot
[0.764s] -- Symlinking: /home/mizbot/my_ros_ws/diff_bot_ws/install/my_diff_bot/share/ament_index/resource_index/parent_prefix_path/my_diff_bot
[0.772s] -- Symlinking: /home/mizbot/my_ros_ws/diff_bot_ws/install/my_diff_bot/share/my_diff_bot/environment/ament_prefix_path.sh
[0.779s] -- Symlinking: /home/mizbot/my_ros_ws/diff_bot_ws/install/my_diff_bot/share/my_diff_bot/environment/ament_prefix_path.dsv
[0.786s] -- Symlinking: /home/mizbot/my_ros_ws/diff_bot_ws/install/my_diff_bot/share/my_diff_bot/environment/path.sh
[0.793s] -- Symlinking: /home/mizbot/my_ros_ws/diff_bot_ws/install/my_diff_bot/share/my_diff_bot/environment/path.dsv
[0.800s] -- Symlinking: /home/mizbot/my_ros_ws/diff_bot_ws/install/my_diff_bot/share/my_diff_bot/local_setup.bash
[0.808s] -- Symlinking: /home/mizbot/my_ros_ws/diff_bot_ws/install/my_diff_bot/share/my_diff_bot/local_setup.sh
[0.815s] -- Symlinking: /home/mizbot/my_ros_ws/diff_bot_ws/install/my_diff_bot/share/my_diff_bot/local_setup.zsh
[0.822s] -- Symlinking: /home/mizbot/my_ros_ws/diff_bot_ws/install/my_diff_bot/share/my_diff_bot/local_setup.dsv
[0.829s] -- Symlinking: /home/mizbot/my_ros_ws/diff_bot_ws/install/my_diff_bot/share/my_diff_bot/package.dsv
[0.838s] -- Symlinking: /home/mizbot/my_ros_ws/diff_bot_ws/install/my_diff_bot/share/ament_index/resource_index/packages/my_diff_bot
[0.845s] -- Symlinking: /home/mizbot/my_ros_ws/diff_bot_ws/install/my_diff_bot/share/my_diff_bot/cmake/my_diff_botConfig.cmake
[0.852s] -- Symlinking: /home/mizbot/my_ros_ws/diff_bot_ws/install/my_diff_bot/share/my_diff_bot/cmake/my_diff_botConfig-version.cmake
[0.859s] -- Symlinking: /home/mizbot/my_ros_ws/diff_bot_ws/install/my_diff_bot/share/my_diff_bot/package.xml
[0.868s] Invoked command in '/home/mizbot/my_ros_ws/diff_bot_ws/build/my_diff_bot' returned '0': CMAKE_PREFIX_PATH=${CMAKE_PREFIX_PATH}:/opt/ros/humble /usr/bin/cmake --install /home/mizbot/my_ros_ws/diff_bot_ws/build/my_diff_bot
