[0.106s] DEBUG:colcon:Command line arguments: ['/usr/bin/colcon', 'build', '--symlink-install']
[0.106s] DEBUG:colcon:Parsed command line arguments: Namespace(log_base=None, log_level=None, verb_name='build', build_base='build', install_base='install', merge_install=False, symlink_install=True, test_result_base=None, continue_on_error=False, executor='parallel', parallel_workers=12, event_handlers=None, ignore_user_meta=False, metas=['./colcon.meta'], base_paths=['.'], packages_ignore=None, packages_ignore_regex=None, paths=None, packages_up_to=None, packages_up_to_regex=None, packages_above=None, packages_above_and_dependencies=None, packages_above_depth=None, packages_select_by_dep=None, packages_skip_by_dep=None, packages_skip_up_to=None, packages_select_build_failed=False, packages_skip_build_finished=False, packages_select_test_failures=False, packages_skip_test_passed=False, packages_select=None, packages_skip=None, packages_select_regex=None, packages_skip_regex=None, packages_start=None, packages_end=None, allow_overriding=[], cmake_args=None, cmake_target=None, cmake_target_skip_unavailable=False, cmake_clean_cache=False, cmake_clean_first=False, cmake_force_configure=False, ament_cmake_args=None, catkin_cmake_args=None, catkin_skip_building_tests=False, mixin_files=None, mixin=None, verb_parser=<colcon_mixin.mixin.mixin_argument.MixinArgumentDecorator object at 0x76b0853ea770>, verb_extension=<colcon_core.verb.build.BuildVerb object at 0x76b0853ea0e0>, main=<bound method BuildVerb.main of <colcon_core.verb.build.BuildVerb object at 0x76b0853ea0e0>>, mixin_verb=('build',))
[0.275s] Level 1:colcon.colcon_core.package_discovery:discover_packages(colcon_meta) check parameters
[0.275s] Level 1:colcon.colcon_core.package_discovery:discover_packages(recursive) check parameters
[0.275s] Level 1:colcon.colcon_core.package_discovery:discover_packages(ignore) check parameters
[0.275s] Level 1:colcon.colcon_core.package_discovery:discover_packages(path) check parameters
[0.275s] Level 1:colcon.colcon_core.package_discovery:discover_packages(colcon_meta) discover
[0.275s] Level 1:colcon.colcon_core.package_discovery:discover_packages(recursive) discover
[0.275s] INFO:colcon.colcon_core.package_discovery:Crawling recursively for packages in '/home/mizbot/my_ros_ws/diff_bot_ws'
[0.275s] Level 1:colcon.colcon_core.package_identification:_identify(.) by extensions ['ignore', 'ignore_ament_install']
[0.276s] Level 1:colcon.colcon_core.package_identification:_identify(.) by extension 'ignore'
[0.276s] Level 1:colcon.colcon_core.package_identification:_identify(.) by extension 'ignore_ament_install'
[0.276s] Level 1:colcon.colcon_core.package_identification:_identify(.) by extensions ['colcon_pkg']
[0.276s] Level 1:colcon.colcon_core.package_identification:_identify(.) by extension 'colcon_pkg'
[0.276s] Level 1:colcon.colcon_core.package_identification:_identify(.) by extensions ['colcon_meta']
[0.276s] Level 1:colcon.colcon_core.package_identification:_identify(.) by extension 'colcon_meta'
[0.276s] Level 1:colcon.colcon_core.package_identification:_identify(.) by extensions ['ros']
[0.276s] Level 1:colcon.colcon_core.package_identification:_identify(.) by extension 'ros'
[0.286s] Level 1:colcon.colcon_core.package_identification:_identify(.) by extensions ['cmake', 'python']
[0.286s] Level 1:colcon.colcon_core.package_identification:_identify(.) by extension 'cmake'
[0.286s] Level 1:colcon.colcon_core.package_identification:_identify(.) by extension 'python'
[0.286s] Level 1:colcon.colcon_core.package_identification:_identify(.) by extensions ['python_setup_py']
[0.286s] Level 1:colcon.colcon_core.package_identification:_identify(.) by extension 'python_setup_py'
[0.286s] Level 1:colcon.colcon_core.package_identification:_identify(build) by extensions ['ignore', 'ignore_ament_install']
[0.286s] Level 1:colcon.colcon_core.package_identification:_identify(build) by extension 'ignore'
[0.286s] Level 1:colcon.colcon_core.package_identification:_identify(build) ignored
[0.287s] Level 1:colcon.colcon_core.package_identification:_identify(install) by extensions ['ignore', 'ignore_ament_install']
[0.287s] Level 1:colcon.colcon_core.package_identification:_identify(install) by extension 'ignore'
[0.287s] Level 1:colcon.colcon_core.package_identification:_identify(install) ignored
[0.287s] Level 1:colcon.colcon_core.package_identification:_identify(log) by extensions ['ignore', 'ignore_ament_install']
[0.287s] Level 1:colcon.colcon_core.package_identification:_identify(log) by extension 'ignore'
[0.287s] Level 1:colcon.colcon_core.package_identification:_identify(log) ignored
[0.287s] Level 1:colcon.colcon_core.package_identification:_identify(src) by extensions ['ignore', 'ignore_ament_install']
[0.287s] Level 1:colcon.colcon_core.package_identification:_identify(src) by extension 'ignore'
[0.287s] Level 1:colcon.colcon_core.package_identification:_identify(src) by extension 'ignore_ament_install'
[0.287s] Level 1:colcon.colcon_core.package_identification:_identify(src) by extensions ['colcon_pkg']
[0.287s] Level 1:colcon.colcon_core.package_identification:_identify(src) by extension 'colcon_pkg'
[0.287s] Level 1:colcon.colcon_core.package_identification:_identify(src) by extensions ['colcon_meta']
[0.287s] Level 1:colcon.colcon_core.package_identification:_identify(src) by extension 'colcon_meta'
[0.287s] Level 1:colcon.colcon_core.package_identification:_identify(src) by extensions ['ros']
[0.287s] Level 1:colcon.colcon_core.package_identification:_identify(src) by extension 'ros'
[0.288s] Level 1:colcon.colcon_core.package_identification:_identify(src) by extensions ['cmake', 'python']
[0.288s] Level 1:colcon.colcon_core.package_identification:_identify(src) by extension 'cmake'
[0.288s] Level 1:colcon.colcon_core.package_identification:_identify(src) by extension 'python'
[0.288s] Level 1:colcon.colcon_core.package_identification:_identify(src) by extensions ['python_setup_py']
[0.288s] Level 1:colcon.colcon_core.package_identification:_identify(src) by extension 'python_setup_py'
[0.288s] Level 1:colcon.colcon_core.package_identification:_identify(src/my_diff_bot) by extensions ['ignore', 'ignore_ament_install']
[0.288s] Level 1:colcon.colcon_core.package_identification:_identify(src/my_diff_bot) by extension 'ignore'
[0.288s] Level 1:colcon.colcon_core.package_identification:_identify(src/my_diff_bot) by extension 'ignore_ament_install'
[0.288s] Level 1:colcon.colcon_core.package_identification:_identify(src/my_diff_bot) by extensions ['colcon_pkg']
[0.288s] Level 1:colcon.colcon_core.package_identification:_identify(src/my_diff_bot) by extension 'colcon_pkg'
[0.288s] Level 1:colcon.colcon_core.package_identification:_identify(src/my_diff_bot) by extensions ['colcon_meta']
[0.288s] Level 1:colcon.colcon_core.package_identification:_identify(src/my_diff_bot) by extension 'colcon_meta'
[0.288s] Level 1:colcon.colcon_core.package_identification:_identify(src/my_diff_bot) by extensions ['ros']
[0.288s] Level 1:colcon.colcon_core.package_identification:_identify(src/my_diff_bot) by extension 'ros'
[0.291s] DEBUG:colcon.colcon_core.package_identification:Package 'src/my_diff_bot' with type 'ros.ament_cmake' and name 'my_diff_bot'
[0.291s] Level 1:colcon.colcon_core.package_discovery:discover_packages(recursive) using defaults
[0.291s] Level 1:colcon.colcon_core.package_discovery:discover_packages(ignore) discover
[0.291s] Level 1:colcon.colcon_core.package_discovery:discover_packages(ignore) using defaults
[0.291s] Level 1:colcon.colcon_core.package_discovery:discover_packages(path) discover
[0.291s] Level 1:colcon.colcon_core.package_discovery:discover_packages(path) using defaults
[0.320s] Level 1:colcon.colcon_core.package_discovery:discover_packages(prefix_path) check parameters
[0.320s] Level 1:colcon.colcon_core.package_discovery:discover_packages(prefix_path) discover
[0.322s] DEBUG:colcon.colcon_installed_package_information.package_discovery:Found 1 installed packages in /home/mizbot/my_ros_ws/taker_listener_package/install
[0.323s] DEBUG:colcon.colcon_installed_package_information.package_discovery:Found 323 installed packages in /opt/ros/humble
[0.325s] Level 1:colcon.colcon_core.package_discovery:discover_packages(prefix_path) using defaults
[0.367s] Level 5:colcon.colcon_core.verb:set package 'my_diff_bot' build argument 'cmake_args' from command line to 'None'
[0.367s] Level 5:colcon.colcon_core.verb:set package 'my_diff_bot' build argument 'cmake_target' from command line to 'None'
[0.367s] Level 5:colcon.colcon_core.verb:set package 'my_diff_bot' build argument 'cmake_target_skip_unavailable' from command line to 'False'
[0.367s] Level 5:colcon.colcon_core.verb:set package 'my_diff_bot' build argument 'cmake_clean_cache' from command line to 'False'
[0.367s] Level 5:colcon.colcon_core.verb:set package 'my_diff_bot' build argument 'cmake_clean_first' from command line to 'False'
[0.367s] Level 5:colcon.colcon_core.verb:set package 'my_diff_bot' build argument 'cmake_force_configure' from command line to 'False'
[0.367s] Level 5:colcon.colcon_core.verb:set package 'my_diff_bot' build argument 'ament_cmake_args' from command line to 'None'
[0.367s] Level 5:colcon.colcon_core.verb:set package 'my_diff_bot' build argument 'catkin_cmake_args' from command line to 'None'
[0.367s] Level 5:colcon.colcon_core.verb:set package 'my_diff_bot' build argument 'catkin_skip_building_tests' from command line to 'False'
[0.367s] DEBUG:colcon.colcon_core.verb:Building package 'my_diff_bot' with the following arguments: {'ament_cmake_args': None, 'build_base': '/home/mizbot/my_ros_ws/diff_bot_ws/build/my_diff_bot', 'catkin_cmake_args': None, 'catkin_skip_building_tests': False, 'cmake_args': None, 'cmake_clean_cache': False, 'cmake_clean_first': False, 'cmake_force_configure': False, 'cmake_target': None, 'cmake_target_skip_unavailable': False, 'install_base': '/home/mizbot/my_ros_ws/diff_bot_ws/install/my_diff_bot', 'merge_install': False, 'path': '/home/mizbot/my_ros_ws/diff_bot_ws/src/my_diff_bot', 'symlink_install': True, 'test_result_base': None}
[0.367s] INFO:colcon.colcon_core.executor:Executing jobs using 'parallel' executor
[0.368s] DEBUG:colcon.colcon_parallel_executor.executor.parallel:run_until_complete
[0.369s] INFO:colcon.colcon_ros.task.ament_cmake.build:Building ROS package in '/home/mizbot/my_ros_ws/diff_bot_ws/src/my_diff_bot' with build type 'ament_cmake'
[0.369s] INFO:colcon.colcon_cmake.task.cmake.build:Building CMake package in '/home/mizbot/my_ros_ws/diff_bot_ws/src/my_diff_bot'
[0.371s] INFO:colcon.colcon_core.plugin_system:Skipping extension 'colcon_core.shell.bat': Not used on non-Windows systems
[0.371s] INFO:colcon.colcon_core.shell:Skip shell extension 'powershell' for command environment: Not usable outside of PowerShell
[0.371s] DEBUG:colcon.colcon_core.shell:Skip shell extension 'dsv' for command environment
[0.378s] DEBUG:colcon.colcon_core.event_handler.log_command:Invoking command in '/home/mizbot/my_ros_ws/diff_bot_ws/build/my_diff_bot': CMAKE_PREFIX_PATH=${CMAKE_PREFIX_PATH}:/opt/ros/humble /usr/bin/cmake /home/mizbot/my_ros_ws/diff_bot_ws/src/my_diff_bot -DAMENT_CMAKE_SYMLINK_INSTALL=1 -DCMAKE_INSTALL_PREFIX=/home/mizbot/my_ros_ws/diff_bot_ws/install/my_diff_bot
[0.946s] DEBUG:colcon.colcon_core.event_handler.log_command:Invoked command in '/home/mizbot/my_ros_ws/diff_bot_ws/build/my_diff_bot' returned '0': CMAKE_PREFIX_PATH=${CMAKE_PREFIX_PATH}:/opt/ros/humble /usr/bin/cmake /home/mizbot/my_ros_ws/diff_bot_ws/src/my_diff_bot -DAMENT_CMAKE_SYMLINK_INSTALL=1 -DCMAKE_INSTALL_PREFIX=/home/mizbot/my_ros_ws/diff_bot_ws/install/my_diff_bot
[0.947s] DEBUG:colcon.colcon_core.event_handler.log_command:Invoking command in '/home/mizbot/my_ros_ws/diff_bot_ws/build/my_diff_bot': CMAKE_PREFIX_PATH=${CMAKE_PREFIX_PATH}:/opt/ros/humble /usr/bin/cmake --build /home/mizbot/my_ros_ws/diff_bot_ws/build/my_diff_bot -- -j12 -l12
[0.979s] DEBUG:colcon.colcon_core.event_handler.log_command:Invoked command in '/home/mizbot/my_ros_ws/diff_bot_ws/build/my_diff_bot' returned '0': CMAKE_PREFIX_PATH=${CMAKE_PREFIX_PATH}:/opt/ros/humble /usr/bin/cmake --build /home/mizbot/my_ros_ws/diff_bot_ws/build/my_diff_bot -- -j12 -l12
[0.988s] DEBUG:colcon.colcon_core.event_handler.log_command:Invoking command in '/home/mizbot/my_ros_ws/diff_bot_ws/build/my_diff_bot': CMAKE_PREFIX_PATH=${CMAKE_PREFIX_PATH}:/opt/ros/humble /usr/bin/cmake --install /home/mizbot/my_ros_ws/diff_bot_ws/build/my_diff_bot
[1.237s] Level 1:colcon.colcon_core.environment:create_environment_scripts_only(my_diff_bot)
[1.237s] DEBUG:colcon.colcon_core.event_handler.log_command:Invoked command in '/home/mizbot/my_ros_ws/diff_bot_ws/build/my_diff_bot' returned '0': CMAKE_PREFIX_PATH=${CMAKE_PREFIX_PATH}:/opt/ros/humble /usr/bin/cmake --install /home/mizbot/my_ros_ws/diff_bot_ws/build/my_diff_bot
[1.239s] Level 1:colcon.colcon_core.environment:checking '/home/mizbot/my_ros_ws/diff_bot_ws/install/my_diff_bot' for CMake module files
[1.239s] Level 1:colcon.colcon_core.environment:checking '/home/mizbot/my_ros_ws/diff_bot_ws/install/my_diff_bot' for CMake config files
[1.240s] Level 1:colcon.colcon_core.shell:create_environment_hook('my_diff_bot', 'cmake_prefix_path')
[1.240s] INFO:colcon.colcon_core.shell:Creating environment hook '/home/mizbot/my_ros_ws/diff_bot_ws/install/my_diff_bot/share/my_diff_bot/hook/cmake_prefix_path.ps1'
[1.241s] INFO:colcon.colcon_core.shell:Creating environment descriptor '/home/mizbot/my_ros_ws/diff_bot_ws/install/my_diff_bot/share/my_diff_bot/hook/cmake_prefix_path.dsv'
[1.241s] INFO:colcon.colcon_core.shell:Creating environment hook '/home/mizbot/my_ros_ws/diff_bot_ws/install/my_diff_bot/share/my_diff_bot/hook/cmake_prefix_path.sh'
[1.242s] Level 1:colcon.colcon_core.environment:checking '/home/mizbot/my_ros_ws/diff_bot_ws/install/my_diff_bot/bin'
[1.242s] Level 1:colcon.colcon_core.environment:checking '/home/mizbot/my_ros_ws/diff_bot_ws/install/my_diff_bot/lib/pkgconfig/my_diff_bot.pc'
[1.242s] Level 1:colcon.colcon_core.environment:checking '/home/mizbot/my_ros_ws/diff_bot_ws/install/my_diff_bot/lib/python3.10/site-packages'
[1.242s] Level 1:colcon.colcon_core.environment:checking '/home/mizbot/my_ros_ws/diff_bot_ws/install/my_diff_bot/bin'
[1.242s] INFO:colcon.colcon_core.shell:Creating package script '/home/mizbot/my_ros_ws/diff_bot_ws/install/my_diff_bot/share/my_diff_bot/package.ps1'
[1.243s] INFO:colcon.colcon_core.shell:Creating package descriptor '/home/mizbot/my_ros_ws/diff_bot_ws/install/my_diff_bot/share/my_diff_bot/package.dsv'
[1.244s] INFO:colcon.colcon_core.shell:Creating package script '/home/mizbot/my_ros_ws/diff_bot_ws/install/my_diff_bot/share/my_diff_bot/package.sh'
[1.244s] INFO:colcon.colcon_core.shell:Creating package script '/home/mizbot/my_ros_ws/diff_bot_ws/install/my_diff_bot/share/my_diff_bot/package.bash'
[1.245s] INFO:colcon.colcon_core.shell:Creating package script '/home/mizbot/my_ros_ws/diff_bot_ws/install/my_diff_bot/share/my_diff_bot/package.zsh'
[1.245s] Level 1:colcon.colcon_core.environment:create_file_with_runtime_dependencies(/home/mizbot/my_ros_ws/diff_bot_ws/install/my_diff_bot/share/colcon-core/packages/my_diff_bot)
[1.246s] Level 1:colcon.colcon_core.environment:create_environment_scripts_only(my_diff_bot)
[1.246s] Level 1:colcon.colcon_core.environment:checking '/home/mizbot/my_ros_ws/diff_bot_ws/install/my_diff_bot' for CMake module files
[1.247s] Level 1:colcon.colcon_core.environment:checking '/home/mizbot/my_ros_ws/diff_bot_ws/install/my_diff_bot' for CMake config files
[1.247s] Level 1:colcon.colcon_core.shell:create_environment_hook('my_diff_bot', 'cmake_prefix_path')
[1.247s] INFO:colcon.colcon_core.shell:Creating environment hook '/home/mizbot/my_ros_ws/diff_bot_ws/install/my_diff_bot/share/my_diff_bot/hook/cmake_prefix_path.ps1'
[1.247s] INFO:colcon.colcon_core.shell:Creating environment descriptor '/home/mizbot/my_ros_ws/diff_bot_ws/install/my_diff_bot/share/my_diff_bot/hook/cmake_prefix_path.dsv'
[1.248s] INFO:colcon.colcon_core.shell:Creating environment hook '/home/mizbot/my_ros_ws/diff_bot_ws/install/my_diff_bot/share/my_diff_bot/hook/cmake_prefix_path.sh'
[1.248s] Level 1:colcon.colcon_core.environment:checking '/home/mizbot/my_ros_ws/diff_bot_ws/install/my_diff_bot/bin'
[1.248s] Level 1:colcon.colcon_core.environment:checking '/home/mizbot/my_ros_ws/diff_bot_ws/install/my_diff_bot/lib/pkgconfig/my_diff_bot.pc'
[1.249s] Level 1:colcon.colcon_core.environment:checking '/home/mizbot/my_ros_ws/diff_bot_ws/install/my_diff_bot/lib/python3.10/site-packages'
[1.249s] Level 1:colcon.colcon_core.environment:checking '/home/mizbot/my_ros_ws/diff_bot_ws/install/my_diff_bot/bin'
[1.249s] INFO:colcon.colcon_core.shell:Creating package script '/home/mizbot/my_ros_ws/diff_bot_ws/install/my_diff_bot/share/my_diff_bot/package.ps1'
[1.250s] INFO:colcon.colcon_core.shell:Creating package descriptor '/home/mizbot/my_ros_ws/diff_bot_ws/install/my_diff_bot/share/my_diff_bot/package.dsv'
[1.250s] INFO:colcon.colcon_core.shell:Creating package script '/home/mizbot/my_ros_ws/diff_bot_ws/install/my_diff_bot/share/my_diff_bot/package.sh'
[1.251s] INFO:colcon.colcon_core.shell:Creating package script '/home/mizbot/my_ros_ws/diff_bot_ws/install/my_diff_bot/share/my_diff_bot/package.bash'
[1.251s] INFO:colcon.colcon_core.shell:Creating package script '/home/mizbot/my_ros_ws/diff_bot_ws/install/my_diff_bot/share/my_diff_bot/package.zsh'
[1.251s] Level 1:colcon.colcon_core.environment:create_file_with_runtime_dependencies(/home/mizbot/my_ros_ws/diff_bot_ws/install/my_diff_bot/share/colcon-core/packages/my_diff_bot)
[1.251s] DEBUG:colcon.colcon_parallel_executor.executor.parallel:closing loop
[1.252s] DEBUG:colcon.colcon_parallel_executor.executor.parallel:loop closed
[1.252s] DEBUG:colcon.colcon_parallel_executor.executor.parallel:run_until_complete finished with '0'
[1.252s] DEBUG:colcon.colcon_core.event_reactor:joining thread
[1.257s] INFO:colcon.colcon_core.plugin_system:Skipping extension 'colcon_notification.desktop_notification.terminal_notifier': Not used on non-Darwin systems
[1.257s] INFO:colcon.colcon_core.plugin_system:Skipping extension 'colcon_notification.desktop_notification.win32': Not used on non-Windows systems
[1.257s] INFO:colcon.colcon_notification.desktop_notification:Sending desktop notification using 'notify2'
[1.268s] DEBUG:colcon.colcon_core.event_reactor:joined thread
[1.269s] INFO:colcon.colcon_core.shell:Creating prefix script '/home/mizbot/my_ros_ws/diff_bot_ws/install/local_setup.ps1'
[1.270s] INFO:colcon.colcon_core.shell:Creating prefix util module '/home/mizbot/my_ros_ws/diff_bot_ws/install/_local_setup_util_ps1.py'
[1.271s] INFO:colcon.colcon_core.shell:Creating prefix chain script '/home/mizbot/my_ros_ws/diff_bot_ws/install/setup.ps1'
[1.272s] INFO:colcon.colcon_core.shell:Creating prefix script '/home/mizbot/my_ros_ws/diff_bot_ws/install/local_setup.sh'
[1.273s] INFO:colcon.colcon_core.shell:Creating prefix util module '/home/mizbot/my_ros_ws/diff_bot_ws/install/_local_setup_util_sh.py'
[1.273s] INFO:colcon.colcon_core.shell:Creating prefix chain script '/home/mizbot/my_ros_ws/diff_bot_ws/install/setup.sh'
[1.274s] INFO:colcon.colcon_core.shell:Creating prefix script '/home/mizbot/my_ros_ws/diff_bot_ws/install/local_setup.bash'
[1.275s] INFO:colcon.colcon_core.shell:Creating prefix chain script '/home/mizbot/my_ros_ws/diff_bot_ws/install/setup.bash'
[1.276s] INFO:colcon.colcon_core.shell:Creating prefix script '/home/mizbot/my_ros_ws/diff_bot_ws/install/local_setup.zsh'
[1.276s] INFO:colcon.colcon_core.shell:Creating prefix chain script '/home/mizbot/my_ros_ws/diff_bot_ws/install/setup.zsh'
